<?xml version="1.0" encoding="UTF-8"?>
<!-- Generated by org.testng.reporters.JUnitReportReporter -->
<testsuite hostname="DESKTOP-6AK3J3N" failures="0" tests="7" name="testcases.Sign_Up_Test" time="116.988" errors="0" timestamp="2024-02-06T00:23:55 IST" skipped="0">
  <testcase classname="testcases.Sign_Up_Test" name="signup" time="16.648"/>
  <testcase classname="testcases.Sign_Up_Test" name="signup" time="21.621"/>
  <testcase classname="testcases.Sign_Up_Test" name="signup" time="13.427"/>
  <testcase classname="testcases.Sign_Up_Test" name="signup" time="15.786"/>
  <testcase classname="testcases.Sign_Up_Test" name="signup" time="18.926"/>
  <testcase classname="testcases.Sign_Up_Test" name="signup" time="15.009"/>
  <testcase classname="testcases.Sign_Up_Test" name="signup" time="15.571"/>
</testsuite> <!-- testcases.Sign_Up_Test -->
