<?xml version="1.0" encoding="UTF-8"?>
<!-- Generated by org.testng.reporters.JUnitReportReporter -->
<testsuite hostname="DESKTOP-6AK3J3N" failures="0" tests="1" name="testcases.Validate_Fields_Test" time="17.365" errors="0" timestamp="2024-02-06T00:23:55 IST" skipped="0">
  <testcase classname="testcases.Validate_Fields_Test" name="validating_fields" time="17.365"/>
</testsuite> <!-- testcases.Validate_Fields_Test -->
