<?xml version="1.0" encoding="UTF-8"?>
<!-- Generated by org.testng.reporters.JUnitReportReporter -->
<testsuite hostname="DESKTOP-6AK3J3N" failures="0" tests="1" name="testcases.OnewayTrip_And_PassengerDetails__Test" time="113.476" errors="0" timestamp="2024-02-05T15:00:09 IST" skipped="0">
  <testcase classname="testcases.OnewayTrip_And_PassengerDetails__Test" name="login" time="113.476"/>
</testsuite> <!-- testcases.OnewayTrip_And_PassengerDetails__Test -->
