<?xml version="1.0" encoding="UTF-8"?>
<!-- Generated by org.testng.reporters.JUnitReportReporter -->
<testsuite hostname="DESKTOP-6AK3J3N" failures="0" tests="1" name="testcases.Round_Trip_And_BookingDetails_Test" time="47.907" errors="0" timestamp="2024-02-06T00:23:55 IST" skipped="0">
  <testcase classname="testcases.Round_Trip_And_BookingDetails_Test" name="booking" time="47.907"/>
</testsuite> <!-- testcases.Round_Trip_And_BookingDetails_Test -->
