<?xml version="1.0" encoding="UTF-8"?>
<!-- Generated by org.testng.reporters.JUnitReportReporter -->
<testsuite hostname="DESKTOP-6AK3J3N" failures="0" tests="1" name="testcases.Date_Origin_Test" time="33.510" errors="0" timestamp="2024-02-05T10:52:00 IST" skipped="0">
  <testcase classname="testcases.Date_Origin_Test" name="login" time="33.510"/>
</testsuite> <!-- testcases.Date_Origin_Test -->
