<?xml version="1.0" encoding="UTF-8"?>
<!-- Generated by org.testng.reporters.JUnitReportReporter -->
<testsuite hostname="DESKTOP-6AK3J3N" failures="0" tests="5" name="testcases.Login_Test" time="133.377" errors="0" timestamp="2024-02-06T00:23:55 IST" skipped="0">
  <testcase classname="testcases.Login_Test" name="login" time="25.267"/>
  <testcase classname="testcases.Login_Test" name="login" time="26.430"/>
  <testcase classname="testcases.Login_Test" name="login" time="28.189"/>
  <testcase classname="testcases.Login_Test" name="login" time="27.510"/>
  <testcase classname="testcases.Login_Test" name="login" time="25.981"/>
</testsuite> <!-- testcases.Login_Test -->
