<?xml version="1.0" encoding="UTF-8"?>
<!-- Generated by org.testng.reporters.JUnitReportReporter -->
<testsuite hostname="DESKTOP-6AK3J3N" failures="0" tests="1" name="testcases.OnewayTrip_And_BookingDetails__Test" time="98.317" errors="0" timestamp="2024-02-06T00:23:55 IST" skipped="0">
  <testcase classname="testcases.OnewayTrip_And_BookingDetails__Test" name="login" time="98.317"/>
</testsuite> <!-- testcases.OnewayTrip_And_BookingDetails__Test -->
