<?xml version="1.0" encoding="UTF-8"?>
<!-- Generated by org.testng.reporters.JUnitReportReporter -->
<testsuite hostname="DESKTOP-6AK3J3N" failures="0" tests="1" name="testcases.Trip_And_PassengerDetails__Test" time="93.720" errors="0" timestamp="2024-02-05T12:07:29 IST" skipped="0">
  <testcase classname="testcases.Trip_And_PassengerDetails__Test" name="login" time="93.720"/>
</testsuite> <!-- testcases.Trip_And_PassengerDetails__Test -->
