<?xml version="1.0" encoding="UTF-8"?>
<!-- Generated by org.testng.reporters.JUnitReportReporter -->
<testsuite hostname="DESKTOP-6AK3J3N" failures="0" tests="1" name="testcases.Round_Trip_And_PassengerDetails_Test" time="56.903" errors="0" timestamp="2024-02-05T17:07:44 IST" skipped="0">
  <testcase classname="testcases.Round_Trip_And_PassengerDetails_Test" name="booking" time="56.903"/>
</testsuite> <!-- testcases.Round_Trip_And_PassengerDetails_Test -->
